0 info it worked if it ends with ok
1 verbose cli [ '/usr/local/bin/node',
1 verbose cli   '/usr/local/bin/npm',
1 verbose cli   'run',
1 verbose cli   'test arrays' ]
2 info using npm@3.10.10
3 info using node@v6.11.3
4 verbose run-script [ 'pretest arrays', 'test arrays', 'posttest arrays' ]
5 info lifecycle jsbasics@1.0.0~pretest arrays: jsbasics@1.0.0
6 silly lifecycle jsbasics@1.0.0~pretest arrays: no script for pretest arrays, continuing
7 info lifecycle jsbasics@1.0.0~test arrays: jsbasics@1.0.0
8 verbose lifecycle jsbasics@1.0.0~test arrays: unsafe-perm in lifecycle true
9 verbose lifecycle jsbasics@1.0.0~test arrays: PATH: /usr/local/lib/node_modules/npm/bin/node-gyp-bin:/Users/mtcodeschool/Code/JSBasics/node_modules/.bin:/usr/local/bin:/usr/bin:/bin:/usr/sbin:/Users/georgkirschner/bin
10 verbose lifecycle jsbasics@1.0.0~test arrays: CWD: /Users/mtcodeschool/Code/JSBasics
11 silly lifecycle jsbasics@1.0.0~test arrays: Args: [ '-c', 'mocha test/arrays/.' ]
12 silly lifecycle jsbasics@1.0.0~test arrays: Returned: code: 12  signal: null
13 info lifecycle jsbasics@1.0.0~test arrays: Failed to exec test arrays script
14 verbose stack Error: jsbasics@1.0.0 test arrays: `mocha test/arrays/.`
14 verbose stack Exit status 12
14 verbose stack     at EventEmitter.<anonymous> (/usr/local/lib/node_modules/npm/lib/utils/lifecycle.js:255:16)
14 verbose stack     at emitTwo (events.js:106:13)
14 verbose stack     at EventEmitter.emit (events.js:191:7)
14 verbose stack     at ChildProcess.<anonymous> (/usr/local/lib/node_modules/npm/lib/utils/spawn.js:40:14)
14 verbose stack     at emitTwo (events.js:106:13)
14 verbose stack     at ChildProcess.emit (events.js:191:7)
14 verbose stack     at maybeClose (internal/child_process.js:920:16)
14 verbose stack     at Process.ChildProcess._handle.onexit (internal/child_process.js:230:5)
15 verbose pkgid jsbasics@1.0.0
16 verbose cwd /Users/mtcodeschool/Code/JSBasics
17 error Darwin 16.7.0
18 error argv "/usr/local/bin/node" "/usr/local/bin/npm" "run" "test arrays"
19 error node v6.11.3
20 error npm  v3.10.10
21 error code ELIFECYCLE
22 error jsbasics@1.0.0 test arrays: `mocha test/arrays/.`
22 error Exit status 12
23 error Failed at the jsbasics@1.0.0 test arrays script 'mocha test/arrays/.'.
23 error Make sure you have the latest version of node.js and npm installed.
23 error If you do, this is most likely a problem with the jsbasics package,
23 error not with npm itself.
23 error Tell the author that this fails on your system:
23 error     mocha test/arrays/.
23 error You can get information on how to open an issue for this project with:
23 error     npm bugs jsbasics
23 error Or if that isn't available, you can get their info via:
23 error     npm owner ls jsbasics
23 error There is likely additional logging output above.
24 verbose exit [ 1, true ]
